  [1m[36m (1.8ms)[0m  [1mCREATE TABLE "schema_migrations" ("version" varchar NOT NULL) [0m
  [1m[35m (0.1ms)[0m  select sqlite_version(*)
  [1m[36m (2.5ms)[0m  [1mCREATE UNIQUE INDEX "unique_schema_migrations" ON "schema_migrations" ("version")[0m
  [1m[35mActiveRecord::SchemaMigration Load (0.1ms)[0m  SELECT "schema_migrations".* FROM "schema_migrations"
Migrating to CreateAnimals (20150902183143)
  [1m[36m (0.1ms)[0m  [1mbegin transaction[0m
  [1m[35m (0.9ms)[0m  CREATE TABLE "animals" ("id" INTEGER PRIMARY KEY AUTOINCREMENT NOT NULL, "species" varchar, "age" integer, "name" varchar, "created_at" datetime NOT NULL, "updated_at" datetime NOT NULL) 
  [1m[36mSQL (0.2ms)[0m  [1mINSERT INTO "schema_migrations" ("version") VALUES (?)[0m  [["version", "20150902183143"]]
  [1m[35m (4.1ms)[0m  commit transaction
  [1m[36mActiveRecord::SchemaMigration Load (0.1ms)[0m  [1mSELECT "schema_migrations".* FROM "schema_migrations"[0m
  [1m[36mAnimal Load (1.6ms)[0m  [1mSELECT "animals".* FROM "animals"[0m
  [1m[35m (0.1ms)[0m  begin transaction
  [1m[36mSQL (0.4ms)[0m  [1mINSERT INTO "animals" ("species", "age", "name", "created_at", "updated_at") VALUES (?, ?, ?, ?, ?)[0m  [["species", "Tiger"], ["age", 6], ["name", "Simba"], ["created_at", "2015-09-02 18:33:41.407665"], ["updated_at", "2015-09-02 18:33:41.407665"]]
  [1m[35m (3.4ms)[0m  commit transaction
  [1m[36mAnimal Load (0.2ms)[0m  [1mSELECT "animals".* FROM "animals"[0m
  [1m[35m (0.1ms)[0m  begin transaction
  [1m[36mSQL (0.3ms)[0m  [1mINSERT INTO "animals" ("species", "age", "name", "created_at", "updated_at") VALUES (?, ?, ?, ?, ?)[0m  [["species", "Money"], ["age", 16], ["name", "George"], ["created_at", "2015-09-02 18:34:16.037304"], ["updated_at", "2015-09-02 18:34:16.037304"]]
  [1m[35m (4.8ms)[0m  commit transaction


Started GET "/" for ::1 at 2015-09-02 11:35:42 -0700
  [1m[36mActiveRecord::SchemaMigration Load (0.1ms)[0m  [1mSELECT "schema_migrations".* FROM "schema_migrations"[0m
Processing by Rails::WelcomeController#index as HTML
  Rendered /Users/mikey/.rvm/gems/ruby-2.2.2@global/gems/railties-4.2.4/lib/rails/templates/rails/welcome/index.html.erb (3.3ms)
Completed 200 OK in 30ms (Views: 19.5ms | ActiveRecord: 0.0ms)


Started GET "/" for ::1 at 2015-09-02 11:46:02 -0700
  [1m[36mActiveRecord::SchemaMigration Load (0.1ms)[0m  [1mSELECT "schema_migrations".* FROM "schema_migrations"[0m
Processing by AnimalsController#index as HTML
  [1m[35mAnimal Load (0.2ms)[0m  SELECT "animals".* FROM "animals"
  Rendered animals/index.html.erb within layouts/application (10.7ms)
Completed 200 OK in 1532ms (Views: 1523.0ms | ActiveRecord: 0.4ms)


Started GET "/assets/scaffolds.self-118dda6df352c5a7f8c453d956c25df34141e1aab1a762ea867690c2f2415552.css?body=1" for ::1 at 2015-09-02 11:46:04 -0700


Started GET "/assets/animals.self-e3b0c44298fc1c149afbf4c8996fb92427ae41e4649b934ca495991b7852b855.css?body=1" for ::1 at 2015-09-02 11:46:04 -0700


Started GET "/assets/jquery.self-a714331225dda820228db323939889f149aec0127aeb06255646b616ba1ca419.js?body=1" for ::1 at 2015-09-02 11:46:04 -0700


Started GET "/assets/application.self-e80e8f2318043e8af94dddc2adad5a4f09739a8ebb323b3ab31cd71d45fd9113.css?body=1" for ::1 at 2015-09-02 11:46:04 -0700


Started GET "/assets/animals.self-877aef30ae1b040ab8a3aba4e3e309a11d7f2612f44dde450b5c157aa5f95c05.js?body=1" for ::1 at 2015-09-02 11:46:04 -0700


Started GET "/assets/jquery_ujs.self-d456baa54c1fa6be2ec3711f0a72ddf7a5b2f34a6b4f515f33767d6207b7d4b3.js?body=1" for ::1 at 2015-09-02 11:46:04 -0700


Started GET "/assets/application.self-3b8dabdc891efe46b9a144b400ad69e37d7e5876bdc39dee783419a69d7ca819.js?body=1" for ::1 at 2015-09-02 11:46:04 -0700


Started GET "/assets/turbolinks.self-c37727e9bd6b2735da5c311aa83fead54ed0be6cc8bd9a65309e9c5abe2cbfff.js?body=1" for ::1 at 2015-09-02 11:46:04 -0700


Started GET "/animals/1" for ::1 at 2015-09-02 11:46:13 -0700
Processing by AnimalsController#show as HTML
  Parameters: {"id"=>"1"}
  [1m[36mAnimal Load (0.2ms)[0m  [1mSELECT  "animals".* FROM "animals" WHERE "animals"."id" = ? LIMIT 1[0m  [["id", 1]]
  Rendered animals/show.html.erb within layouts/application (0.8ms)
Completed 200 OK in 48ms (Views: 33.0ms | ActiveRecord: 0.2ms)
