

Started GET "/" for ::1 at 2015-09-02 19:47:07 -0700
Processing by Rails::WelcomeController#index as HTML
  Rendered /Users/mikey/.rvm/gems/ruby-2.2.2@global/gems/railties-4.2.4/lib/rails/templates/rails/welcome/index.html.erb (3.3ms)
Completed 200 OK in 47ms (Views: 30.4ms | ActiveRecord: 0.0ms)


Started GET "/" for ::1 at 2015-09-02 19:56:44 -0700
Processing by Rails::WelcomeController#index as HTML
  Rendered /Users/mikey/.rvm/gems/ruby-2.2.2@global/gems/railties-4.2.4/lib/rails/templates/rails/welcome/index.html.erb (1.5ms)
Completed 200 OK in 15ms (Views: 7.3ms | ActiveRecord: 0.0ms)


Started GET "/staticpages" for ::1 at 2015-09-02 19:56:52 -0700

ActionController::RoutingError (No route matches [GET] "/staticpages"):
  actionpack (4.2.4) lib/action_dispatch/middleware/debug_exceptions.rb:21:in `call'
  actionpack (4.2.4) lib/action_dispatch/middleware/show_exceptions.rb:30:in `call'
  railties (4.2.4) lib/rails/rack/logger.rb:38:in `call_app'
  railties (4.2.4) lib/rails/rack/logger.rb:20:in `block in call'
  activesupport (4.2.4) lib/active_support/tagged_logging.rb:68:in `block in tagged'
  activesupport (4.2.4) lib/active_support/tagged_logging.rb:26:in `tagged'
  activesupport (4.2.4) lib/active_support/tagged_logging.rb:68:in `tagged'
  railties (4.2.4) lib/rails/rack/logger.rb:20:in `call'
  actionpack (4.2.4) lib/action_dispatch/middleware/request_id.rb:21:in `call'
  rack (1.6.4) lib/rack/methodoverride.rb:22:in `call'
  rack (1.6.4) lib/rack/runtime.rb:18:in `call'
  activesupport (4.2.4) lib/active_support/cache/strategy/local_cache_middleware.rb:28:in `call'
  rack (1.6.4) lib/rack/lock.rb:17:in `call'
  actionpack (4.2.4) lib/action_dispatch/middleware/static.rb:116:in `call'
  rack (1.6.4) lib/rack/sendfile.rb:113:in `call'
  railties (4.2.4) lib/rails/engine.rb:518:in `call'
  railties (4.2.4) lib/rails/application.rb:165:in `call'
  rack (1.6.4) lib/rack/lock.rb:17:in `call'
  rack (1.6.4) lib/rack/content_length.rb:15:in `call'
  rack (1.6.4) lib/rack/handler/webrick.rb:88:in `service'
  /Users/mikey/.rvm/rubies/ruby-2.2.2/lib/ruby/2.2.0/webrick/httpserver.rb:138:in `service'
  /Users/mikey/.rvm/rubies/ruby-2.2.2/lib/ruby/2.2.0/webrick/httpserver.rb:94:in `run'
  /Users/mikey/.rvm/rubies/ruby-2.2.2/lib/ruby/2.2.0/webrick/server.rb:294:in `block in start_thread'


  Rendered /Users/mikey/.rvm/gems/ruby-2.2.2@global/gems/actionpack-4.2.4/lib/action_dispatch/middleware/templates/rescues/_trace.html.erb (2.1ms)
  Rendered /Users/mikey/.rvm/gems/ruby-2.2.2@global/gems/actionpack-4.2.4/lib/action_dispatch/middleware/templates/routes/_route.html.erb (1.9ms)
  Rendered /Users/mikey/.rvm/gems/ruby-2.2.2@global/gems/actionpack-4.2.4/lib/action_dispatch/middleware/templates/routes/_table.html.erb (22.1ms)
  Rendered /Users/mikey/.rvm/gems/ruby-2.2.2@global/gems/actionpack-4.2.4/lib/action_dispatch/middleware/templates/rescues/_request_and_response.html.erb (2.1ms)
  Rendered /Users/mikey/.rvm/gems/ruby-2.2.2@global/gems/actionpack-4.2.4/lib/action_dispatch/middleware/templates/rescues/routing_error.html.erb within rescues/layout (129.2ms)


Started GET "/static_pages" for ::1 at 2015-09-02 19:56:57 -0700

ActionController::RoutingError (No route matches [GET] "/static_pages"):
  actionpack (4.2.4) lib/action_dispatch/middleware/debug_exceptions.rb:21:in `call'
  actionpack (4.2.4) lib/action_dispatch/middleware/show_exceptions.rb:30:in `call'
  railties (4.2.4) lib/rails/rack/logger.rb:38:in `call_app'
  railties (4.2.4) lib/rails/rack/logger.rb:20:in `block in call'
  activesupport (4.2.4) lib/active_support/tagged_logging.rb:68:in `block in tagged'
  activesupport (4.2.4) lib/active_support/tagged_logging.rb:26:in `tagged'
  activesupport (4.2.4) lib/active_support/tagged_logging.rb:68:in `tagged'
  railties (4.2.4) lib/rails/rack/logger.rb:20:in `call'
  actionpack (4.2.4) lib/action_dispatch/middleware/request_id.rb:21:in `call'
  rack (1.6.4) lib/rack/methodoverride.rb:22:in `call'
  rack (1.6.4) lib/rack/runtime.rb:18:in `call'
  activesupport (4.2.4) lib/active_support/cache/strategy/local_cache_middleware.rb:28:in `call'
  rack (1.6.4) lib/rack/lock.rb:17:in `call'
  actionpack (4.2.4) lib/action_dispatch/middleware/static.rb:116:in `call'
  rack (1.6.4) lib/rack/sendfile.rb:113:in `call'
  railties (4.2.4) lib/rails/engine.rb:518:in `call'
  railties (4.2.4) lib/rails/application.rb:165:in `call'
  rack (1.6.4) lib/rack/lock.rb:17:in `call'
  rack (1.6.4) lib/rack/content_length.rb:15:in `call'
  rack (1.6.4) lib/rack/handler/webrick.rb:88:in `service'
  /Users/mikey/.rvm/rubies/ruby-2.2.2/lib/ruby/2.2.0/webrick/httpserver.rb:138:in `service'
  /Users/mikey/.rvm/rubies/ruby-2.2.2/lib/ruby/2.2.0/webrick/httpserver.rb:94:in `run'
  /Users/mikey/.rvm/rubies/ruby-2.2.2/lib/ruby/2.2.0/webrick/server.rb:294:in `block in start_thread'


  Rendered /Users/mikey/.rvm/gems/ruby-2.2.2@global/gems/actionpack-4.2.4/lib/action_dispatch/middleware/templates/rescues/_trace.html.erb (1.4ms)
  Rendered /Users/mikey/.rvm/gems/ruby-2.2.2@global/gems/actionpack-4.2.4/lib/action_dispatch/middleware/templates/routes/_route.html.erb (0.7ms)
  Rendered /Users/mikey/.rvm/gems/ruby-2.2.2@global/gems/actionpack-4.2.4/lib/action_dispatch/middleware/templates/routes/_table.html.erb (1.1ms)
  Rendered /Users/mikey/.rvm/gems/ruby-2.2.2@global/gems/actionpack-4.2.4/lib/action_dispatch/middleware/templates/rescues/_request_and_response.html.erb (1.2ms)
  Rendered /Users/mikey/.rvm/gems/ruby-2.2.2@global/gems/actionpack-4.2.4/lib/action_dispatch/middleware/templates/rescues/routing_error.html.erb within rescues/layout (68.7ms)


Started GET "/static_pages/home" for ::1 at 2015-09-02 19:57:01 -0700
Processing by StaticPagesController#home as HTML
  Rendered static_pages/home.html.erb within layouts/application (0.2ms)
Completed 200 OK in 2086ms (Views: 2085.3ms | ActiveRecord: 0.0ms)


Started GET "/assets/custom.self-833b8d85699e40406d2a73d4c1ce0b3351bf4cbbb7bf387f8f5a2b2a2d5b127f.css?body=1" for ::1 at 2015-09-02 19:57:03 -0700


Started GET "/assets/bootstrap/button.self-d19f3e2bcd3a7a4d75c11b9141b3fabd2c11987da1e99c85548ec3ecf8db30c3.js?body=1" for ::1 at 2015-09-02 19:57:03 -0700


Started GET "/assets/application.self-e80e8f2318043e8af94dddc2adad5a4f09739a8ebb323b3ab31cd71d45fd9113.css?body=1" for ::1 at 2015-09-02 19:57:03 -0700


Started GET "/assets/static_pages.self-e3b0c44298fc1c149afbf4c8996fb92427ae41e4649b934ca495991b7852b855.css?body=1" for ::1 at 2015-09-02 19:57:03 -0700


Started GET "/assets/bootstrap/alert.self-896ab026e6823f5cef2441e07dac53d0692a5b772ac58b1ce20aa624c342d3f4.js?body=1" for ::1 at 2015-09-02 19:57:03 -0700


Started GET "/assets/bootstrap/affix.self-f7aef9d98ee5ece34a6a92a6a15bba777d93e8d908b75c95a85088277f394200.js?body=1" for ::1 at 2015-09-02 19:57:03 -0700


Started GET "/assets/bootstrap/carousel.self-b2e5e14483e6c31343a83861b7d487620f143d6fc2d07d5ae7544b6b225ba6be.js?body=1" for ::1 at 2015-09-02 19:57:03 -0700


Started GET "/assets/bootstrap-sprockets" for ::1 at 2015-09-02 19:57:03 -0700


Started GET "/assets/bootstrap" for ::1 at 2015-09-02 19:57:03 -0700


Started GET "/assets/bootstrap/collapse.self-93820e9b486e375a7fb4477602def3a6f8381fa6d50938d5378297ffbe4a1248.js?body=1" for ::1 at 2015-09-02 19:57:03 -0700


Started GET "/assets/bootstrap/dropdown.self-30536ae4d54b2685c26b5787ed0eb549a9075717fe690cce6270873bedf2df00.js?body=1" for ::1 at 2015-09-02 19:57:03 -0700


Started GET "/assets/bootstrap/tab.self-9b77df34cbbb08ec93a806d6cdb741f04e3dbf3389978a0679146f2d2987bc89.js?body=1" for ::1 at 2015-09-02 19:57:03 -0700


Started GET "/assets/bootstrap/transition.self-9616c4e856b57659b67da3c6f2adcd584b5601ef4bebcdadab8ebb387d80bb25.js?body=1" for ::1 at 2015-09-02 19:57:03 -0700


Started GET "/assets/bootstrap/scrollspy.self-c5c6ed008955656d345067e9821d79f1216b8383134d08465d4aa1a33a2b93b4.js?body=1" for ::1 at 2015-09-02 19:57:03 -0700


Started GET "/assets/bootstrap/modal.self-bcfe54f3132bf16a8c5ce4289e47eba488f6522a08f49f378a037061c6c7aa4c.js?body=1" for ::1 at 2015-09-02 19:57:03 -0700


Started GET "/assets/bootstrap/tooltip.self-3aa41fbe871573b34e0ebddf31598cd5a11a9841ca85f90934ea46326e46626d.js?body=1" for ::1 at 2015-09-02 19:57:03 -0700


Started GET "/assets/bootstrap/popover.self-b73e9c9111d01148e24bbc46e096782e024dc5db630e7078cf11ed2587ef8551.js?body=1" for ::1 at 2015-09-02 19:57:03 -0700


Started GET "/assets/bootstrap-sprockets.self-fbfa5ad7d9aa0afe439ec4ff3883acc4cb92b62cb67c40d674320c9aa1d4642d.js?body=1" for ::1 at 2015-09-02 19:57:03 -0700


Started GET "/assets/static_pages.self-877aef30ae1b040ab8a3aba4e3e309a11d7f2612f44dde450b5c157aa5f95c05.js?body=1" for ::1 at 2015-09-02 19:57:03 -0700


Started GET "/assets/application.self-f8806224e027f3e3f0138ea9ce99319e298dfdb323304d1f1be6eae8e8c74724.js?body=1" for ::1 at 2015-09-02 19:57:03 -0700


Started GET "/" for ::1 at 2015-09-02 19:58:08 -0700
Processing by StaticPagesController#home as HTML
  Rendered static_pages/home.html.erb within layouts/application (0.0ms)
Completed 200 OK in 92ms (Views: 91.4ms | ActiveRecord: 0.0ms)


Started GET "/assets/bootstrap-sprockets" for ::1 at 2015-09-02 19:58:08 -0700


Started GET "/assets/bootstrap" for ::1 at 2015-09-02 19:58:08 -0700


Started GET "/" for ::1 at 2015-09-02 19:59:45 -0700
Processing by StaticPagesController#home as HTML
  Rendered static_pages/home.html.erb within layouts/application (0.5ms)
Completed 200 OK in 103ms (Views: 102.2ms | ActiveRecord: 0.0ms)


Started GET "/assets/bootstrap-sprockets" for ::1 at 2015-09-02 19:59:45 -0700


Started GET "/assets/bootstrap" for ::1 at 2015-09-02 19:59:45 -0700


Started GET "/" for ::1 at 2015-09-02 20:02:59 -0700
Processing by StaticPagesController#home as HTML
  Rendered static_pages/home.html.erb within layouts/application (12.5ms)
Completed 500 Internal Server Error in 20ms (ActiveRecord: 0.0ms)

NameError - undefined local variable or method `rooth_path' for #<#<Class:0x007fc8c4239080>:0x007fc8c164cc88>:
  app/views/static_pages/home.html.erb:3:in `_app_views_static_pages_home_html_erb__2741576843310774552_70250130921780'
   () Users/mikey/.rvm/gems/ruby-2.2.2@global/gems/actionview-4.2.4/lib/action_view/template.rb:145:in `block in render'
   () Users/mikey/.rvm/gems/ruby-2.2.2@global/gems/activesupport-4.2.4/lib/active_support/notifications.rb:166:in `instrument'
   () Users/mikey/.rvm/gems/ruby-2.2.2@global/gems/actionview-4.2.4/lib/action_view/template.rb:333:in `instrument'
   () Users/mikey/.rvm/gems/ruby-2.2.2@global/gems/actionview-4.2.4/lib/action_view/template.rb:143:in `render'
   () Users/mikey/.rvm/gems/ruby-2.2.2@global/gems/actionview-4.2.4/lib/action_view/renderer/template_renderer.rb:54:in `block (2 levels) in render_template'
   () Users/mikey/.rvm/gems/ruby-2.2.2@global/gems/actionview-4.2.4/lib/action_view/renderer/abstract_renderer.rb:39:in `block in instrument'
   () Users/mikey/.rvm/gems/ruby-2.2.2@global/gems/activesupport-4.2.4/lib/active_support/notifications.rb:164:in `block in instrument'
   () Users/mikey/.rvm/gems/ruby-2.2.2@global/gems/activesupport-4.2.4/lib/active_support/notifications/instrumenter.rb:20:in `instrument'
   () Users/mikey/.rvm/gems/ruby-2.2.2@global/gems/activesupport-4.2.4/lib/active_support/notifications.rb:164:in `instrument'
   () Users/mikey/.rvm/gems/ruby-2.2.2@global/gems/actionview-4.2.4/lib/action_view/renderer/abstract_renderer.rb:39:in `instrument'
   () Users/mikey/.rvm/gems/ruby-2.2.2@global/gems/actionview-4.2.4/lib/action_view/renderer/template_renderer.rb:53:in `block in render_template'
   () Users/mikey/.rvm/gems/ruby-2.2.2@global/gems/actionview-4.2.4/lib/action_view/renderer/template_renderer.rb:61:in `render_with_layout'
   () Users/mikey/.rvm/gems/ruby-2.2.2@global/gems/actionview-4.2.4/lib/action_view/renderer/template_renderer.rb:52:in `render_template'
   () Users/mikey/.rvm/gems/ruby-2.2.2@global/gems/actionview-4.2.4/lib/action_view/renderer/template_renderer.rb:14:in `render'
   () Users/mikey/.rvm/gems/ruby-2.2.2@global/gems/actionview-4.2.4/lib/action_view/renderer/renderer.rb:42:in `render_template'
   () Users/mikey/.rvm/gems/ruby-2.2.2@global/gems/actionview-4.2.4/lib/action_view/renderer/renderer.rb:23:in `render'
   () Users/mikey/.rvm/gems/ruby-2.2.2@global/gems/actionview-4.2.4/lib/action_view/rendering.rb:100:in `_render_template'
   () Users/mikey/.rvm/gems/ruby-2.2.2@global/gems/actionpack-4.2.4/lib/action_controller/metal/streaming.rb:217:in `_render_template'
   () Users/mikey/.rvm/gems/ruby-2.2.2@global/gems/actionview-4.2.4/lib/action_view/rendering.rb:83:in `render_to_body'
   () Users/mikey/.rvm/gems/ruby-2.2.2@global/gems/actionpack-4.2.4/lib/action_controller/metal/rendering.rb:32:in `render_to_body'
   () Users/mikey/.rvm/gems/ruby-2.2.2@global/gems/actionpack-4.2.4/lib/action_controller/metal/renderers.rb:37:in `render_to_body'
   () Users/mikey/.rvm/gems/ruby-2.2.2@global/gems/actionpack-4.2.4/lib/abstract_controller/rendering.rb:25:in `render'
   () Users/mikey/.rvm/gems/ruby-2.2.2@global/gems/actionpack-4.2.4/lib/action_controller/metal/rendering.rb:16:in `render'
   () Users/mikey/.rvm/gems/ruby-2.2.2@global/gems/actionpack-4.2.4/lib/action_controller/metal/instrumentation.rb:44:in `block (2 levels) in render'
   () Users/mikey/.rvm/gems/ruby-2.2.2@global/gems/activesupport-4.2.4/lib/active_support/core_ext/benchmark.rb:12:in `block in ms'
  /Users/mikey/.rvm/rubies/ruby-2.2.2/lib/ruby/2.2.0/benchmark.rb:303:in `realtime'
   () Users/mikey/.rvm/gems/ruby-2.2.2@global/gems/activesupport-4.2.4/lib/active_support/core_ext/benchmark.rb:12:in `ms'
   () Users/mikey/.rvm/gems/ruby-2.2.2@global/gems/actionpack-4.2.4/lib/action_controller/metal/instrumentation.rb:44:in `block in render'
   () Users/mikey/.rvm/gems/ruby-2.2.2@global/gems/actionpack-4.2.4/lib/action_controller/metal/instrumentation.rb:87:in `cleanup_view_runtime'
   () Users/mikey/.rvm/gems/ruby-2.2.2@global/gems/activerecord-4.2.4/lib/active_record/railties/controller_runtime.rb:25:in `cleanup_view_runtime'
   () Users/mikey/.rvm/gems/ruby-2.2.2@global/gems/actionpack-4.2.4/lib/action_controller/metal/instrumentation.rb:43:in `render'
   () Users/mikey/.rvm/gems/ruby-2.2.2@global/gems/actionpack-4.2.4/lib/action_controller/metal/implicit_render.rb:10:in `default_render'
   () Users/mikey/.rvm/gems/ruby-2.2.2@global/gems/actionpack-4.2.4/lib/action_controller/metal/implicit_render.rb:5:in `send_action'
   () Users/mikey/.rvm/gems/ruby-2.2.2@global/gems/actionpack-4.2.4/lib/abstract_controller/base.rb:198:in `process_action'
   () Users/mikey/.rvm/gems/ruby-2.2.2@global/gems/actionpack-4.2.4/lib/action_controller/metal/rendering.rb:10:in `process_action'
   () Users/mikey/.rvm/gems/ruby-2.2.2@global/gems/actionpack-4.2.4/lib/abstract_controller/callbacks.rb:20:in `block in process_action'
   () Users/mikey/.rvm/gems/ruby-2.2.2@global/gems/activesupport-4.2.4/lib/active_support/callbacks.rb:117:in `call'
   () Users/mikey/.rvm/gems/ruby-2.2.2@global/gems/activesupport-4.2.4/lib/active_support/callbacks.rb:555:in `block (2 levels) in compile'
   () Users/mikey/.rvm/gems/ruby-2.2.2@global/gems/activesupport-4.2.4/lib/active_support/callbacks.rb:505:in `call'
   () Users/mikey/.rvm/gems/ruby-2.2.2@global/gems/activesupport-4.2.4/lib/active_support/callbacks.rb:92:in `__run_callbacks__'
   () Users/mikey/.rvm/gems/ruby-2.2.2@global/gems/activesupport-4.2.4/lib/active_support/callbacks.rb:778:in `_run_process_action_callbacks'
   () Users/mikey/.rvm/gems/ruby-2.2.2@global/gems/activesupport-4.2.4/lib/active_support/callbacks.rb:81:in `run_callbacks'
   () Users/mikey/.rvm/gems/ruby-2.2.2@global/gems/actionpack-4.2.4/lib/abstract_controller/callbacks.rb:19:in `process_action'
   () Users/mikey/.rvm/gems/ruby-2.2.2@global/gems/actionpack-4.2.4/lib/action_controller/metal/rescue.rb:29:in `process_action'
   () Users/mikey/.rvm/gems/ruby-2.2.2@global/gems/actionpack-4.2.4/lib/action_controller/metal/instrumentation.rb:32:in `block in process_action'
   () Users/mikey/.rvm/gems/ruby-2.2.2@global/gems/activesupport-4.2.4/lib/active_support/notifications.rb:164:in `block in instrument'
   () Users/mikey/.rvm/gems/ruby-2.2.2@global/gems/activesupport-4.2.4/lib/active_support/notifications/instrumenter.rb:20:in `instrument'
   () Users/mikey/.rvm/gems/ruby-2.2.2@global/gems/activesupport-4.2.4/lib/active_support/notifications.rb:164:in `instrument'
   () Users/mikey/.rvm/gems/ruby-2.2.2@global/gems/actionpack-4.2.4/lib/action_controller/metal/instrumentation.rb:30:in `process_action'
   () Users/mikey/.rvm/gems/ruby-2.2.2@global/gems/actionpack-4.2.4/lib/action_controller/metal/params_wrapper.rb:250:in `process_action'
   () Users/mikey/.rvm/gems/ruby-2.2.2@global/gems/activerecord-4.2.4/lib/active_record/railties/controller_runtime.rb:18:in `process_action'
   () Users/mikey/.rvm/gems/ruby-2.2.2@global/gems/actionpack-4.2.4/lib/abstract_controller/base.rb:137:in `process'
   () Users/mikey/.rvm/gems/ruby-2.2.2@global/gems/actionview-4.2.4/lib/action_view/rendering.rb:30:in `process'
   () Users/mikey/.rvm/gems/ruby-2.2.2@global/gems/actionpack-4.2.4/lib/action_controller/metal.rb:196:in `dispatch'
   () Users/mikey/.rvm/gems/ruby-2.2.2@global/gems/actionpack-4.2.4/lib/action_controller/metal/rack_delegation.rb:13:in `dispatch'
   () Users/mikey/.rvm/gems/ruby-2.2.2@global/gems/actionpack-4.2.4/lib/action_controller/metal.rb:237:in `block in action'
   () Users/mikey/.rvm/gems/ruby-2.2.2@global/gems/actionpack-4.2.4/lib/action_dispatch/routing/route_set.rb:76:in `dispatch'
   () Users/mikey/.rvm/gems/ruby-2.2.2@global/gems/actionpack-4.2.4/lib/action_dispatch/routing/route_set.rb:45:in `serve'
   () Users/mikey/.rvm/gems/ruby-2.2.2@global/gems/actionpack-4.2.4/lib/action_dispatch/journey/router.rb:43:in `block in serve'
   () Users/mikey/.rvm/gems/ruby-2.2.2@global/gems/actionpack-4.2.4/lib/action_dispatch/journey/router.rb:30:in `serve'
   () Users/mikey/.rvm/gems/ruby-2.2.2@global/gems/actionpack-4.2.4/lib/action_dispatch/routing/route_set.rb:821:in `call'
   () Users/mikey/.rvm/gems/ruby-2.2.2@global/gems/rack-1.6.4/lib/rack/etag.rb:24:in `call'
   () Users/mikey/.rvm/gems/ruby-2.2.2@global/gems/rack-1.6.4/lib/rack/conditionalget.rb:25:in `call'
   () Users/mikey/.rvm/gems/ruby-2.2.2@global/gems/rack-1.6.4/lib/rack/head.rb:13:in `call'
   () Users/mikey/.rvm/gems/ruby-2.2.2@global/gems/actionpack-4.2.4/lib/action_dispatch/middleware/params_parser.rb:27:in `call'
   () Users/mikey/.rvm/gems/ruby-2.2.2@global/gems/actionpack-4.2.4/lib/action_dispatch/middleware/flash.rb:260:in `call'
   () Users/mikey/.rvm/gems/ruby-2.2.2@global/gems/rack-1.6.4/lib/rack/session/abstract/id.rb:225:in `context'
   () Users/mikey/.rvm/gems/ruby-2.2.2@global/gems/rack-1.6.4/lib/rack/session/abstract/id.rb:220:in `call'
   () Users/mikey/.rvm/gems/ruby-2.2.2@global/gems/actionpack-4.2.4/lib/action_dispatch/middleware/cookies.rb:560:in `call'
   () Users/mikey/.rvm/gems/ruby-2.2.2@global/gems/activerecord-4.2.4/lib/active_record/query_cache.rb:36:in `call'
   () Users/mikey/.rvm/gems/ruby-2.2.2@global/gems/activerecord-4.2.4/lib/active_record/connection_adapters/abstract/connection_pool.rb:653:in `call'
   () Users/mikey/.rvm/gems/ruby-2.2.2@global/gems/activerecord-4.2.4/lib/active_record/migration.rb:377:in `call'
   () Users/mikey/.rvm/gems/ruby-2.2.2@global/gems/actionpack-4.2.4/lib/action_dispatch/middleware/callbacks.rb:29:in `block in call'
   () Users/mikey/.rvm/gems/ruby-2.2.2@global/gems/activesupport-4.2.4/lib/active_support/callbacks.rb:88:in `__run_callbacks__'
   () Users/mikey/.rvm/gems/ruby-2.2.2@global/gems/activesupport-4.2.4/lib/active_support/callbacks.rb:778:in `_run_call_callbacks'
   () Users/mikey/.rvm/gems/ruby-2.2.2@global/gems/activesupport-4.2.4/lib/active_support/callbacks.rb:81:in `run_callbacks'
   () Users/mikey/.rvm/gems/ruby-2.2.2@global/gems/actionpack-4.2.4/lib/action_dispatch/middleware/callbacks.rb:27:in `call'
   () Users/mikey/.rvm/gems/ruby-2.2.2@global/gems/actionpack-4.2.4/lib/action_dispatch/middleware/reloader.rb:73:in `call'
   () Users/mikey/.rvm/gems/ruby-2.2.2@global/gems/actionpack-4.2.4/lib/action_dispatch/middleware/remote_ip.rb:78:in `call'
  better_errors (2.1.1) lib/better_errors/middleware.rb:84:in `protected_app_call'
  better_errors (2.1.1) lib/better_errors/middleware.rb:79:in `better_errors_call'
  better_errors (2.1.1) lib/better_errors/middleware.rb:57:in `call'
   () Users/mikey/.rvm/gems/ruby-2.2.2@global/gems/actionpack-4.2.4/lib/action_dispatch/middleware/debug_exceptions.rb:17:in `call'
   () Users/mikey/.rvm/gems/ruby-2.2.2@global/gems/actionpack-4.2.4/lib/action_dispatch/middleware/show_exceptions.rb:30:in `call'
   () Users/mikey/.rvm/gems/ruby-2.2.2@global/gems/railties-4.2.4/lib/rails/rack/logger.rb:38:in `call_app'
   () Users/mikey/.rvm/gems/ruby-2.2.2@global/gems/railties-4.2.4/lib/rails/rack/logger.rb:20:in `block in call'
   () Users/mikey/.rvm/gems/ruby-2.2.2@global/gems/activesupport-4.2.4/lib/active_support/tagged_logging.rb:68:in `block in tagged'
   () Users/mikey/.rvm/gems/ruby-2.2.2@global/gems/activesupport-4.2.4/lib/active_support/tagged_logging.rb:26:in `tagged'
   () Users/mikey/.rvm/gems/ruby-2.2.2@global/gems/activesupport-4.2.4/lib/active_support/tagged_logging.rb:68:in `tagged'
   () Users/mikey/.rvm/gems/ruby-2.2.2@global/gems/railties-4.2.4/lib/rails/rack/logger.rb:20:in `call'
   () Users/mikey/.rvm/gems/ruby-2.2.2@global/gems/actionpack-4.2.4/lib/action_dispatch/middleware/request_id.rb:21:in `call'
   () Users/mikey/.rvm/gems/ruby-2.2.2@global/gems/rack-1.6.4/lib/rack/methodoverride.rb:22:in `call'
   () Users/mikey/.rvm/gems/ruby-2.2.2@global/gems/rack-1.6.4/lib/rack/runtime.rb:18:in `call'
   () Users/mikey/.rvm/gems/ruby-2.2.2@global/gems/activesupport-4.2.4/lib/active_support/cache/strategy/local_cache_middleware.rb:28:in `call'
   () Users/mikey/.rvm/gems/ruby-2.2.2@global/gems/rack-1.6.4/lib/rack/lock.rb:17:in `call'
   () Users/mikey/.rvm/gems/ruby-2.2.2@global/gems/actionpack-4.2.4/lib/action_dispatch/middleware/static.rb:116:in `call'
   () Users/mikey/.rvm/gems/ruby-2.2.2@global/gems/rack-1.6.4/lib/rack/sendfile.rb:113:in `call'
   () Users/mikey/.rvm/gems/ruby-2.2.2@global/gems/railties-4.2.4/lib/rails/engine.rb:518:in `call'
   () Users/mikey/.rvm/gems/ruby-2.2.2@global/gems/railties-4.2.4/lib/rails/application.rb:165:in `call'
   () Users/mikey/.rvm/gems/ruby-2.2.2@global/gems/rack-1.6.4/lib/rack/lock.rb:17:in `call'
   () Users/mikey/.rvm/gems/ruby-2.2.2@global/gems/rack-1.6.4/lib/rack/content_length.rb:15:in `call'
   () Users/mikey/.rvm/gems/ruby-2.2.2@global/gems/rack-1.6.4/lib/rack/handler/webrick.rb:88:in `service'
  /Users/mikey/.rvm/rubies/ruby-2.2.2/lib/ruby/2.2.0/webrick/httpserver.rb:138:in `service'
  /Users/mikey/.rvm/rubies/ruby-2.2.2/lib/ruby/2.2.0/webrick/httpserver.rb:94:in `run'
  /Users/mikey/.rvm/rubies/ruby-2.2.2/lib/ruby/2.2.0/webrick/server.rb:294:in `block in start_thread'



Started POST "/__better_errors/272a77bf9f5410ee/variables" for ::1 at 2015-09-02 20:02:59 -0700


Started GET "/" for ::1 at 2015-09-02 20:03:09 -0700
Processing by StaticPagesController#home as HTML
  Rendered static_pages/home.html.erb within layouts/application (0.6ms)
Completed 200 OK in 108ms (Views: 108.0ms | ActiveRecord: 0.0ms)


Started GET "/assets/custom.self-833b8d85699e40406d2a73d4c1ce0b3351bf4cbbb7bf387f8f5a2b2a2d5b127f.css?body=1" for ::1 at 2015-09-02 20:03:09 -0700


Started GET "/assets/static_pages.self-e3b0c44298fc1c149afbf4c8996fb92427ae41e4649b934ca495991b7852b855.css?body=1" for ::1 at 2015-09-02 20:03:09 -0700


Started GET "/assets/bootstrap/affix.self-f7aef9d98ee5ece34a6a92a6a15bba777d93e8d908b75c95a85088277f394200.js?body=1" for ::1 at 2015-09-02 20:03:09 -0700


Started GET "/assets/jquery.self-a714331225dda820228db323939889f149aec0127aeb06255646b616ba1ca419.js?body=1" for ::1 at 2015-09-02 20:03:09 -0700


Started GET "/assets/jquery_ujs.self-d456baa54c1fa6be2ec3711f0a72ddf7a5b2f34a6b4f515f33767d6207b7d4b3.js?body=1" for ::1 at 2015-09-02 20:03:09 -0700


Started GET "/assets/application.self-e80e8f2318043e8af94dddc2adad5a4f09739a8ebb323b3ab31cd71d45fd9113.css?body=1" for ::1 at 2015-09-02 20:03:09 -0700


Started GET "/assets/bootstrap/alert.self-896ab026e6823f5cef2441e07dac53d0692a5b772ac58b1ce20aa624c342d3f4.js?body=1" for ::1 at 2015-09-02 20:03:09 -0700


Started GET "/assets/bootstrap-sprockets" for ::1 at 2015-09-02 20:03:09 -0700


Started GET "/assets/bootstrap" for ::1 at 2015-09-02 20:03:09 -0700


Started GET "/assets/bootstrap/button.self-d19f3e2bcd3a7a4d75c11b9141b3fabd2c11987da1e99c85548ec3ecf8db30c3.js?body=1" for ::1 at 2015-09-02 20:03:09 -0700


Started GET "/assets/bootstrap/carousel.self-b2e5e14483e6c31343a83861b7d487620f143d6fc2d07d5ae7544b6b225ba6be.js?body=1" for ::1 at 2015-09-02 20:03:09 -0700


Started GET "/assets/bootstrap/collapse.self-93820e9b486e375a7fb4477602def3a6f8381fa6d50938d5378297ffbe4a1248.js?body=1" for ::1 at 2015-09-02 20:03:09 -0700


Started GET "/assets/bootstrap/dropdown.self-30536ae4d54b2685c26b5787ed0eb549a9075717fe690cce6270873bedf2df00.js?body=1" for ::1 at 2015-09-02 20:03:09 -0700


Started GET "/assets/bootstrap/tab.self-9b77df34cbbb08ec93a806d6cdb741f04e3dbf3389978a0679146f2d2987bc89.js?body=1" for ::1 at 2015-09-02 20:03:09 -0700


Started GET "/assets/bootstrap/transition.self-9616c4e856b57659b67da3c6f2adcd584b5601ef4bebcdadab8ebb387d80bb25.js?body=1" for ::1 at 2015-09-02 20:03:09 -0700


Started GET "/assets/bootstrap/scrollspy.self-c5c6ed008955656d345067e9821d79f1216b8383134d08465d4aa1a33a2b93b4.js?body=1" for ::1 at 2015-09-02 20:03:09 -0700


Started GET "/assets/bootstrap/modal.self-bcfe54f3132bf16a8c5ce4289e47eba488f6522a08f49f378a037061c6c7aa4c.js?body=1" for ::1 at 2015-09-02 20:03:09 -0700


Started GET "/assets/bootstrap/tooltip.self-3aa41fbe871573b34e0ebddf31598cd5a11a9841ca85f90934ea46326e46626d.js?body=1" for ::1 at 2015-09-02 20:03:09 -0700


Started GET "/assets/bootstrap/popover.self-b73e9c9111d01148e24bbc46e096782e024dc5db630e7078cf11ed2587ef8551.js?body=1" for ::1 at 2015-09-02 20:03:09 -0700


Started GET "/assets/bootstrap-sprockets.self-fbfa5ad7d9aa0afe439ec4ff3883acc4cb92b62cb67c40d674320c9aa1d4642d.js?body=1" for ::1 at 2015-09-02 20:03:09 -0700


Started GET "/assets/turbolinks.self-c37727e9bd6b2735da5c311aa83fead54ed0be6cc8bd9a65309e9c5abe2cbfff.js?body=1" for ::1 at 2015-09-02 20:03:09 -0700


Started GET "/assets/static_pages.self-877aef30ae1b040ab8a3aba4e3e309a11d7f2612f44dde450b5c157aa5f95c05.js?body=1" for ::1 at 2015-09-02 20:03:09 -0700


Started GET "/assets/application.self-f8806224e027f3e3f0138ea9ce99319e298dfdb323304d1f1be6eae8e8c74724.js?body=1" for ::1 at 2015-09-02 20:03:09 -0700


Started GET "/" for ::1 at 2015-09-02 20:03:16 -0700
Processing by StaticPagesController#home as HTML
  Rendered static_pages/home.html.erb within layouts/application (0.2ms)
Completed 200 OK in 97ms (Views: 96.9ms | ActiveRecord: 0.0ms)


Started GET "/assets/custom.self-833b8d85699e40406d2a73d4c1ce0b3351bf4cbbb7bf387f8f5a2b2a2d5b127f.css?body=1" for ::1 at 2015-09-02 20:03:16 -0700


Started GET "/assets/static_pages.self-e3b0c44298fc1c149afbf4c8996fb92427ae41e4649b934ca495991b7852b855.css?body=1" for ::1 at 2015-09-02 20:03:16 -0700


Started GET "/assets/application.self-e80e8f2318043e8af94dddc2adad5a4f09739a8ebb323b3ab31cd71d45fd9113.css?body=1" for ::1 at 2015-09-02 20:03:16 -0700


Started GET "/assets/bootstrap/affix.self-f7aef9d98ee5ece34a6a92a6a15bba777d93e8d908b75c95a85088277f394200.js?body=1" for ::1 at 2015-09-02 20:03:16 -0700


Started GET "/assets/jquery.self-a714331225dda820228db323939889f149aec0127aeb06255646b616ba1ca419.js?body=1" for ::1 at 2015-09-02 20:03:16 -0700


Started GET "/assets/jquery_ujs.self-d456baa54c1fa6be2ec3711f0a72ddf7a5b2f34a6b4f515f33767d6207b7d4b3.js?body=1" for ::1 at 2015-09-02 20:03:16 -0700


Started GET "/assets/bootstrap/alert.self-896ab026e6823f5cef2441e07dac53d0692a5b772ac58b1ce20aa624c342d3f4.js?body=1" for ::1 at 2015-09-02 20:03:16 -0700


Started GET "/assets/bootstrap-sprockets" for ::1 at 2015-09-02 20:03:16 -0700


Started GET "/assets/bootstrap" for ::1 at 2015-09-02 20:03:16 -0700


Started GET "/assets/bootstrap/button.self-d19f3e2bcd3a7a4d75c11b9141b3fabd2c11987da1e99c85548ec3ecf8db30c3.js?body=1" for ::1 at 2015-09-02 20:03:16 -0700


Started GET "/assets/bootstrap/carousel.self-b2e5e14483e6c31343a83861b7d487620f143d6fc2d07d5ae7544b6b225ba6be.js?body=1" for ::1 at 2015-09-02 20:03:16 -0700


Started GET "/assets/bootstrap/collapse.self-93820e9b486e375a7fb4477602def3a6f8381fa6d50938d5378297ffbe4a1248.js?body=1" for ::1 at 2015-09-02 20:03:16 -0700


Started GET "/assets/bootstrap/dropdown.self-30536ae4d54b2685c26b5787ed0eb549a9075717fe690cce6270873bedf2df00.js?body=1" for ::1 at 2015-09-02 20:03:16 -0700


Started GET "/assets/bootstrap/tab.self-9b77df34cbbb08ec93a806d6cdb741f04e3dbf3389978a0679146f2d2987bc89.js?body=1" for ::1 at 2015-09-02 20:03:16 -0700


Started GET "/assets/bootstrap/transition.self-9616c4e856b57659b67da3c6f2adcd584b5601ef4bebcdadab8ebb387d80bb25.js?body=1" for ::1 at 2015-09-02 20:03:16 -0700


Started GET "/assets/bootstrap/scrollspy.self-c5c6ed008955656d345067e9821d79f1216b8383134d08465d4aa1a33a2b93b4.js?body=1" for ::1 at 2015-09-02 20:03:16 -0700


Started GET "/assets/bootstrap/modal.self-bcfe54f3132bf16a8c5ce4289e47eba488f6522a08f49f378a037061c6c7aa4c.js?body=1" for ::1 at 2015-09-02 20:03:16 -0700


Started GET "/assets/bootstrap/tooltip.self-3aa41fbe871573b34e0ebddf31598cd5a11a9841ca85f90934ea46326e46626d.js?body=1" for ::1 at 2015-09-02 20:03:16 -0700


Started GET "/assets/bootstrap/popover.self-b73e9c9111d01148e24bbc46e096782e024dc5db630e7078cf11ed2587ef8551.js?body=1" for ::1 at 2015-09-02 20:03:16 -0700


Started GET "/assets/bootstrap-sprockets.self-fbfa5ad7d9aa0afe439ec4ff3883acc4cb92b62cb67c40d674320c9aa1d4642d.js?body=1" for ::1 at 2015-09-02 20:03:16 -0700


Started GET "/assets/turbolinks.self-c37727e9bd6b2735da5c311aa83fead54ed0be6cc8bd9a65309e9c5abe2cbfff.js?body=1" for ::1 at 2015-09-02 20:03:16 -0700


Started GET "/assets/static_pages.self-877aef30ae1b040ab8a3aba4e3e309a11d7f2612f44dde450b5c157aa5f95c05.js?body=1" for ::1 at 2015-09-02 20:03:16 -0700


Started GET "/assets/application.self-f8806224e027f3e3f0138ea9ce99319e298dfdb323304d1f1be6eae8e8c74724.js?body=1" for ::1 at 2015-09-02 20:03:16 -0700


Started GET "/" for ::1 at 2015-09-02 20:03:17 -0700
Processing by StaticPagesController#home as HTML
  Rendered static_pages/home.html.erb within layouts/application (0.1ms)
Completed 200 OK in 81ms (Views: 80.7ms | ActiveRecord: 0.0ms)


Started GET "/assets/custom.self-833b8d85699e40406d2a73d4c1ce0b3351bf4cbbb7bf387f8f5a2b2a2d5b127f.css?body=1" for ::1 at 2015-09-02 20:03:17 -0700


Started GET "/assets/application.self-e80e8f2318043e8af94dddc2adad5a4f09739a8ebb323b3ab31cd71d45fd9113.css?body=1" for ::1 at 2015-09-02 20:03:17 -0700


Started GET "/assets/jquery.self-a714331225dda820228db323939889f149aec0127aeb06255646b616ba1ca419.js?body=1" for ::1 at 2015-09-02 20:03:17 -0700


Started GET "/assets/static_pages.self-e3b0c44298fc1c149afbf4c8996fb92427ae41e4649b934ca495991b7852b855.css?body=1" for ::1 at 2015-09-02 20:03:17 -0700


Started GET "/assets/bootstrap/affix.self-f7aef9d98ee5ece34a6a92a6a15bba777d93e8d908b75c95a85088277f394200.js?body=1" for ::1 at 2015-09-02 20:03:17 -0700


Started GET "/assets/jquery_ujs.self-d456baa54c1fa6be2ec3711f0a72ddf7a5b2f34a6b4f515f33767d6207b7d4b3.js?body=1" for ::1 at 2015-09-02 20:03:17 -0700


Started GET "/assets/bootstrap/alert.self-896ab026e6823f5cef2441e07dac53d0692a5b772ac58b1ce20aa624c342d3f4.js?body=1" for ::1 at 2015-09-02 20:03:17 -0700


Started GET "/assets/bootstrap-sprockets" for ::1 at 2015-09-02 20:03:17 -0700


Started GET "/assets/bootstrap" for ::1 at 2015-09-02 20:03:17 -0700


Started GET "/assets/bootstrap/button.self-d19f3e2bcd3a7a4d75c11b9141b3fabd2c11987da1e99c85548ec3ecf8db30c3.js?body=1" for ::1 at 2015-09-02 20:03:17 -0700


Started GET "/assets/bootstrap/carousel.self-b2e5e14483e6c31343a83861b7d487620f143d6fc2d07d5ae7544b6b225ba6be.js?body=1" for ::1 at 2015-09-02 20:03:17 -0700


Started GET "/assets/bootstrap/collapse.self-93820e9b486e375a7fb4477602def3a6f8381fa6d50938d5378297ffbe4a1248.js?body=1" for ::1 at 2015-09-02 20:03:17 -0700


Started GET "/assets/bootstrap/dropdown.self-30536ae4d54b2685c26b5787ed0eb549a9075717fe690cce6270873bedf2df00.js?body=1" for ::1 at 2015-09-02 20:03:17 -0700


Started GET "/assets/bootstrap/tab.self-9b77df34cbbb08ec93a806d6cdb741f04e3dbf3389978a0679146f2d2987bc89.js?body=1" for ::1 at 2015-09-02 20:03:17 -0700


Started GET "/assets/bootstrap/transition.self-9616c4e856b57659b67da3c6f2adcd584b5601ef4bebcdadab8ebb387d80bb25.js?body=1" for ::1 at 2015-09-02 20:03:17 -0700


Started GET "/assets/bootstrap/scrollspy.self-c5c6ed008955656d345067e9821d79f1216b8383134d08465d4aa1a33a2b93b4.js?body=1" for ::1 at 2015-09-02 20:03:17 -0700


Started GET "/assets/bootstrap/modal.self-bcfe54f3132bf16a8c5ce4289e47eba488f6522a08f49f378a037061c6c7aa4c.js?body=1" for ::1 at 2015-09-02 20:03:17 -0700


Started GET "/assets/bootstrap/tooltip.self-3aa41fbe871573b34e0ebddf31598cd5a11a9841ca85f90934ea46326e46626d.js?body=1" for ::1 at 2015-09-02 20:03:17 -0700


Started GET "/assets/bootstrap/popover.self-b73e9c9111d01148e24bbc46e096782e024dc5db630e7078cf11ed2587ef8551.js?body=1" for ::1 at 2015-09-02 20:03:17 -0700


Started GET "/assets/bootstrap-sprockets.self-fbfa5ad7d9aa0afe439ec4ff3883acc4cb92b62cb67c40d674320c9aa1d4642d.js?body=1" for ::1 at 2015-09-02 20:03:17 -0700


Started GET "/assets/turbolinks.self-c37727e9bd6b2735da5c311aa83fead54ed0be6cc8bd9a65309e9c5abe2cbfff.js?body=1" for ::1 at 2015-09-02 20:03:17 -0700


Started GET "/assets/static_pages.self-877aef30ae1b040ab8a3aba4e3e309a11d7f2612f44dde450b5c157aa5f95c05.js?body=1" for ::1 at 2015-09-02 20:03:17 -0700


Started GET "/assets/application.self-f8806224e027f3e3f0138ea9ce99319e298dfdb323304d1f1be6eae8e8c74724.js?body=1" for ::1 at 2015-09-02 20:03:17 -0700


Started GET "/" for ::1 at 2015-09-02 20:03:24 -0700
Processing by StaticPagesController#home as HTML
  Rendered static_pages/home.html.erb within layouts/application (0.5ms)
Completed 200 OK in 73ms (Views: 72.2ms | ActiveRecord: 0.0ms)


Started GET "/assets/custom.self-833b8d85699e40406d2a73d4c1ce0b3351bf4cbbb7bf387f8f5a2b2a2d5b127f.css?body=1" for ::1 at 2015-09-02 20:03:24 -0700


Started GET "/assets/static_pages.self-e3b0c44298fc1c149afbf4c8996fb92427ae41e4649b934ca495991b7852b855.css?body=1" for ::1 at 2015-09-02 20:03:24 -0700


Started GET "/assets/bootstrap/affix.self-f7aef9d98ee5ece34a6a92a6a15bba777d93e8d908b75c95a85088277f394200.js?body=1" for ::1 at 2015-09-02 20:03:24 -0700


Started GET "/assets/jquery_ujs.self-d456baa54c1fa6be2ec3711f0a72ddf7a5b2f34a6b4f515f33767d6207b7d4b3.js?body=1" for ::1 at 2015-09-02 20:03:24 -0700


Started GET "/assets/jquery.self-a714331225dda820228db323939889f149aec0127aeb06255646b616ba1ca419.js?body=1" for ::1 at 2015-09-02 20:03:24 -0700


Started GET "/assets/application.self-e80e8f2318043e8af94dddc2adad5a4f09739a8ebb323b3ab31cd71d45fd9113.css?body=1" for ::1 at 2015-09-02 20:03:24 -0700


Started GET "/assets/bootstrap/alert.self-896ab026e6823f5cef2441e07dac53d0692a5b772ac58b1ce20aa624c342d3f4.js?body=1" for ::1 at 2015-09-02 20:03:24 -0700


Started GET "/assets/bootstrap-sprockets" for ::1 at 2015-09-02 20:03:24 -0700


Started GET "/assets/bootstrap" for ::1 at 2015-09-02 20:03:24 -0700


Started GET "/assets/bootstrap/button.self-d19f3e2bcd3a7a4d75c11b9141b3fabd2c11987da1e99c85548ec3ecf8db30c3.js?body=1" for ::1 at 2015-09-02 20:03:24 -0700


Started GET "/assets/bootstrap/carousel.self-b2e5e14483e6c31343a83861b7d487620f143d6fc2d07d5ae7544b6b225ba6be.js?body=1" for ::1 at 2015-09-02 20:03:24 -0700


Started GET "/assets/bootstrap/collapse.self-93820e9b486e375a7fb4477602def3a6f8381fa6d50938d5378297ffbe4a1248.js?body=1" for ::1 at 2015-09-02 20:03:24 -0700


Started GET "/assets/bootstrap/dropdown.self-30536ae4d54b2685c26b5787ed0eb549a9075717fe690cce6270873bedf2df00.js?body=1" for ::1 at 2015-09-02 20:03:24 -0700


Started GET "/assets/bootstrap/tab.self-9b77df34cbbb08ec93a806d6cdb741f04e3dbf3389978a0679146f2d2987bc89.js?body=1" for ::1 at 2015-09-02 20:03:24 -0700


Started GET "/assets/bootstrap/transition.self-9616c4e856b57659b67da3c6f2adcd584b5601ef4bebcdadab8ebb387d80bb25.js?body=1" for ::1 at 2015-09-02 20:03:24 -0700


Started GET "/assets/bootstrap/scrollspy.self-c5c6ed008955656d345067e9821d79f1216b8383134d08465d4aa1a33a2b93b4.js?body=1" for ::1 at 2015-09-02 20:03:24 -0700


Started GET "/assets/bootstrap/modal.self-bcfe54f3132bf16a8c5ce4289e47eba488f6522a08f49f378a037061c6c7aa4c.js?body=1" for ::1 at 2015-09-02 20:03:24 -0700


Started GET "/assets/bootstrap/tooltip.self-3aa41fbe871573b34e0ebddf31598cd5a11a9841ca85f90934ea46326e46626d.js?body=1" for ::1 at 2015-09-02 20:03:24 -0700


Started GET "/assets/bootstrap/popover.self-b73e9c9111d01148e24bbc46e096782e024dc5db630e7078cf11ed2587ef8551.js?body=1" for ::1 at 2015-09-02 20:03:24 -0700


Started GET "/assets/bootstrap-sprockets.self-fbfa5ad7d9aa0afe439ec4ff3883acc4cb92b62cb67c40d674320c9aa1d4642d.js?body=1" for ::1 at 2015-09-02 20:03:24 -0700


Started GET "/assets/turbolinks.self-c37727e9bd6b2735da5c311aa83fead54ed0be6cc8bd9a65309e9c5abe2cbfff.js?body=1" for ::1 at 2015-09-02 20:03:24 -0700


Started GET "/assets/static_pages.self-877aef30ae1b040ab8a3aba4e3e309a11d7f2612f44dde450b5c157aa5f95c05.js?body=1" for ::1 at 2015-09-02 20:03:24 -0700


Started GET "/assets/application.self-f8806224e027f3e3f0138ea9ce99319e298dfdb323304d1f1be6eae8e8c74724.js?body=1" for ::1 at 2015-09-02 20:03:24 -0700


Started GET "/" for ::1 at 2015-09-02 20:03:33 -0700
Processing by StaticPagesController#home as HTML
  Rendered static_pages/home.html.erb within layouts/application (1.2ms)
Completed 200 OK in 304ms (Views: 297.2ms | ActiveRecord: 0.0ms)


Started GET "/assets/bootstrap-sprockets" for ::1 at 2015-09-02 20:03:34 -0700


Started GET "/assets/bootstrap" for ::1 at 2015-09-02 20:03:34 -0700


Started GET "/" for ::1 at 2015-09-02 20:03:38 -0700
Processing by StaticPagesController#home as HTML
  Rendered static_pages/home.html.erb within layouts/application (0.4ms)
Completed 200 OK in 120ms (Views: 118.8ms | ActiveRecord: 0.0ms)


Started GET "/" for ::1 at 2015-09-02 20:03:54 -0700
Processing by StaticPagesController#home as HTML
  Rendered static_pages/home.html.erb within layouts/application (0.4ms)
Completed 200 OK in 112ms (Views: 111.9ms | ActiveRecord: 0.0ms)


Started GET "/assets/custom.self-833b8d85699e40406d2a73d4c1ce0b3351bf4cbbb7bf387f8f5a2b2a2d5b127f.css?body=1" for ::1 at 2015-09-02 20:03:55 -0700


Started GET "/assets/jquery.self-a714331225dda820228db323939889f149aec0127aeb06255646b616ba1ca419.js?body=1" for ::1 at 2015-09-02 20:03:55 -0700


Started GET "/assets/application.self-e80e8f2318043e8af94dddc2adad5a4f09739a8ebb323b3ab31cd71d45fd9113.css?body=1" for ::1 at 2015-09-02 20:03:55 -0700


Started GET "/assets/jquery_ujs.self-d456baa54c1fa6be2ec3711f0a72ddf7a5b2f34a6b4f515f33767d6207b7d4b3.js?body=1" for ::1 at 2015-09-02 20:03:55 -0700


Started GET "/assets/static_pages.self-e3b0c44298fc1c149afbf4c8996fb92427ae41e4649b934ca495991b7852b855.css?body=1" for ::1 at 2015-09-02 20:03:55 -0700


Started GET "/assets/bootstrap/affix.self-f7aef9d98ee5ece34a6a92a6a15bba777d93e8d908b75c95a85088277f394200.js?body=1" for ::1 at 2015-09-02 20:03:55 -0700


Started GET "/assets/bootstrap/alert.self-896ab026e6823f5cef2441e07dac53d0692a5b772ac58b1ce20aa624c342d3f4.js?body=1" for ::1 at 2015-09-02 20:03:55 -0700


Started GET "/assets/bootstrap/carousel.self-b2e5e14483e6c31343a83861b7d487620f143d6fc2d07d5ae7544b6b225ba6be.js?body=1" for ::1 at 2015-09-02 20:03:55 -0700


Started GET "/assets/bootstrap/button.self-d19f3e2bcd3a7a4d75c11b9141b3fabd2c11987da1e99c85548ec3ecf8db30c3.js?body=1" for ::1 at 2015-09-02 20:03:55 -0700


Started GET "/assets/bootstrap/collapse.self-93820e9b486e375a7fb4477602def3a6f8381fa6d50938d5378297ffbe4a1248.js?body=1" for ::1 at 2015-09-02 20:03:55 -0700


Started GET "/assets/bootstrap-sprockets" for ::1 at 2015-09-02 20:03:55 -0700


Started GET "/assets/bootstrap" for ::1 at 2015-09-02 20:03:55 -0700


Started GET "/assets/bootstrap/dropdown.self-30536ae4d54b2685c26b5787ed0eb549a9075717fe690cce6270873bedf2df00.js?body=1" for ::1 at 2015-09-02 20:03:55 -0700


Started GET "/assets/bootstrap/tab.self-9b77df34cbbb08ec93a806d6cdb741f04e3dbf3389978a0679146f2d2987bc89.js?body=1" for ::1 at 2015-09-02 20:03:55 -0700


Started GET "/assets/bootstrap/transition.self-9616c4e856b57659b67da3c6f2adcd584b5601ef4bebcdadab8ebb387d80bb25.js?body=1" for ::1 at 2015-09-02 20:03:55 -0700


Started GET "/assets/bootstrap/scrollspy.self-c5c6ed008955656d345067e9821d79f1216b8383134d08465d4aa1a33a2b93b4.js?body=1" for ::1 at 2015-09-02 20:03:55 -0700


Started GET "/assets/bootstrap/modal.self-bcfe54f3132bf16a8c5ce4289e47eba488f6522a08f49f378a037061c6c7aa4c.js?body=1" for ::1 at 2015-09-02 20:03:55 -0700


Started GET "/assets/bootstrap/tooltip.self-3aa41fbe871573b34e0ebddf31598cd5a11a9841ca85f90934ea46326e46626d.js?body=1" for ::1 at 2015-09-02 20:03:55 -0700


Started GET "/assets/bootstrap/popover.self-b73e9c9111d01148e24bbc46e096782e024dc5db630e7078cf11ed2587ef8551.js?body=1" for ::1 at 2015-09-02 20:03:55 -0700


Started GET "/assets/bootstrap-sprockets.self-fbfa5ad7d9aa0afe439ec4ff3883acc4cb92b62cb67c40d674320c9aa1d4642d.js?body=1" for ::1 at 2015-09-02 20:03:55 -0700


Started GET "/assets/turbolinks.self-c37727e9bd6b2735da5c311aa83fead54ed0be6cc8bd9a65309e9c5abe2cbfff.js?body=1" for ::1 at 2015-09-02 20:03:55 -0700


Started GET "/assets/static_pages.self-877aef30ae1b040ab8a3aba4e3e309a11d7f2612f44dde450b5c157aa5f95c05.js?body=1" for ::1 at 2015-09-02 20:03:55 -0700


Started GET "/assets/application.self-f8806224e027f3e3f0138ea9ce99319e298dfdb323304d1f1be6eae8e8c74724.js?body=1" for ::1 at 2015-09-02 20:03:55 -0700


Started GET "/" for ::1 at 2015-09-02 20:03:56 -0700
Processing by StaticPagesController#home as HTML
  Rendered static_pages/home.html.erb within layouts/application (0.2ms)
Completed 200 OK in 86ms (Views: 85.3ms | ActiveRecord: 0.0ms)


Started GET "/assets/custom.self-833b8d85699e40406d2a73d4c1ce0b3351bf4cbbb7bf387f8f5a2b2a2d5b127f.css?body=1" for ::1 at 2015-09-02 20:03:56 -0700


Started GET "/assets/application.self-e80e8f2318043e8af94dddc2adad5a4f09739a8ebb323b3ab31cd71d45fd9113.css?body=1" for ::1 at 2015-09-02 20:03:56 -0700


Started GET "/assets/jquery.self-a714331225dda820228db323939889f149aec0127aeb06255646b616ba1ca419.js?body=1" for ::1 at 2015-09-02 20:03:56 -0700


Started GET "/assets/bootstrap/affix.self-f7aef9d98ee5ece34a6a92a6a15bba777d93e8d908b75c95a85088277f394200.js?body=1" for ::1 at 2015-09-02 20:03:56 -0700


Started GET "/assets/static_pages.self-e3b0c44298fc1c149afbf4c8996fb92427ae41e4649b934ca495991b7852b855.css?body=1" for ::1 at 2015-09-02 20:03:56 -0700


Started GET "/assets/jquery_ujs.self-d456baa54c1fa6be2ec3711f0a72ddf7a5b2f34a6b4f515f33767d6207b7d4b3.js?body=1" for ::1 at 2015-09-02 20:03:56 -0700


Started GET "/assets/bootstrap/alert.self-896ab026e6823f5cef2441e07dac53d0692a5b772ac58b1ce20aa624c342d3f4.js?body=1" for ::1 at 2015-09-02 20:03:56 -0700


Started GET "/assets/bootstrap-sprockets" for ::1 at 2015-09-02 20:03:56 -0700


Started GET "/assets/bootstrap" for ::1 at 2015-09-02 20:03:56 -0700


Started GET "/assets/bootstrap/button.self-d19f3e2bcd3a7a4d75c11b9141b3fabd2c11987da1e99c85548ec3ecf8db30c3.js?body=1" for ::1 at 2015-09-02 20:03:56 -0700


Started GET "/assets/bootstrap/carousel.self-b2e5e14483e6c31343a83861b7d487620f143d6fc2d07d5ae7544b6b225ba6be.js?body=1" for ::1 at 2015-09-02 20:03:56 -0700


Started GET "/assets/bootstrap/collapse.self-93820e9b486e375a7fb4477602def3a6f8381fa6d50938d5378297ffbe4a1248.js?body=1" for ::1 at 2015-09-02 20:03:56 -0700


Started GET "/assets/bootstrap/dropdown.self-30536ae4d54b2685c26b5787ed0eb549a9075717fe690cce6270873bedf2df00.js?body=1" for ::1 at 2015-09-02 20:03:56 -0700


Started GET "/assets/bootstrap/tab.self-9b77df34cbbb08ec93a806d6cdb741f04e3dbf3389978a0679146f2d2987bc89.js?body=1" for ::1 at 2015-09-02 20:03:56 -0700


Started GET "/assets/bootstrap/transition.self-9616c4e856b57659b67da3c6f2adcd584b5601ef4bebcdadab8ebb387d80bb25.js?body=1" for ::1 at 2015-09-02 20:03:56 -0700


Started GET "/assets/bootstrap/scrollspy.self-c5c6ed008955656d345067e9821d79f1216b8383134d08465d4aa1a33a2b93b4.js?body=1" for ::1 at 2015-09-02 20:03:56 -0700


Started GET "/assets/bootstrap/modal.self-bcfe54f3132bf16a8c5ce4289e47eba488f6522a08f49f378a037061c6c7aa4c.js?body=1" for ::1 at 2015-09-02 20:03:56 -0700


Started GET "/assets/bootstrap/tooltip.self-3aa41fbe871573b34e0ebddf31598cd5a11a9841ca85f90934ea46326e46626d.js?body=1" for ::1 at 2015-09-02 20:03:56 -0700


Started GET "/assets/bootstrap/popover.self-b73e9c9111d01148e24bbc46e096782e024dc5db630e7078cf11ed2587ef8551.js?body=1" for ::1 at 2015-09-02 20:03:56 -0700


Started GET "/assets/bootstrap-sprockets.self-fbfa5ad7d9aa0afe439ec4ff3883acc4cb92b62cb67c40d674320c9aa1d4642d.js?body=1" for ::1 at 2015-09-02 20:03:56 -0700


Started GET "/assets/turbolinks.self-c37727e9bd6b2735da5c311aa83fead54ed0be6cc8bd9a65309e9c5abe2cbfff.js?body=1" for ::1 at 2015-09-02 20:03:56 -0700


Started GET "/assets/static_pages.self-877aef30ae1b040ab8a3aba4e3e309a11d7f2612f44dde450b5c157aa5f95c05.js?body=1" for ::1 at 2015-09-02 20:03:56 -0700


Started GET "/assets/application.self-f8806224e027f3e3f0138ea9ce99319e298dfdb323304d1f1be6eae8e8c74724.js?body=1" for ::1 at 2015-09-02 20:03:56 -0700


Started GET "/" for ::1 at 2015-09-02 20:03:57 -0700
Processing by StaticPagesController#home as HTML
  Rendered static_pages/home.html.erb within layouts/application (0.1ms)
Completed 200 OK in 80ms (Views: 79.5ms | ActiveRecord: 0.0ms)


Started GET "/assets/custom.self-833b8d85699e40406d2a73d4c1ce0b3351bf4cbbb7bf387f8f5a2b2a2d5b127f.css?body=1" for ::1 at 2015-09-02 20:03:57 -0700


Started GET "/assets/application.self-e80e8f2318043e8af94dddc2adad5a4f09739a8ebb323b3ab31cd71d45fd9113.css?body=1" for ::1 at 2015-09-02 20:03:57 -0700


Started GET "/assets/jquery.self-a714331225dda820228db323939889f149aec0127aeb06255646b616ba1ca419.js?body=1" for ::1 at 2015-09-02 20:03:57 -0700


Started GET "/assets/static_pages.self-e3b0c44298fc1c149afbf4c8996fb92427ae41e4649b934ca495991b7852b855.css?body=1" for ::1 at 2015-09-02 20:03:57 -0700


Started GET "/assets/jquery_ujs.self-d456baa54c1fa6be2ec3711f0a72ddf7a5b2f34a6b4f515f33767d6207b7d4b3.js?body=1" for ::1 at 2015-09-02 20:03:57 -0700


Started GET "/assets/bootstrap/affix.self-f7aef9d98ee5ece34a6a92a6a15bba777d93e8d908b75c95a85088277f394200.js?body=1" for ::1 at 2015-09-02 20:03:57 -0700


Started GET "/assets/bootstrap/alert.self-896ab026e6823f5cef2441e07dac53d0692a5b772ac58b1ce20aa624c342d3f4.js?body=1" for ::1 at 2015-09-02 20:03:57 -0700


Started GET "/assets/bootstrap-sprockets" for ::1 at 2015-09-02 20:03:57 -0700


Started GET "/assets/bootstrap" for ::1 at 2015-09-02 20:03:57 -0700


Started GET "/assets/bootstrap/button.self-d19f3e2bcd3a7a4d75c11b9141b3fabd2c11987da1e99c85548ec3ecf8db30c3.js?body=1" for ::1 at 2015-09-02 20:03:57 -0700


Started GET "/assets/bootstrap/carousel.self-b2e5e14483e6c31343a83861b7d487620f143d6fc2d07d5ae7544b6b225ba6be.js?body=1" for ::1 at 2015-09-02 20:03:57 -0700


Started GET "/assets/bootstrap/collapse.self-93820e9b486e375a7fb4477602def3a6f8381fa6d50938d5378297ffbe4a1248.js?body=1" for ::1 at 2015-09-02 20:03:57 -0700


Started GET "/assets/bootstrap/dropdown.self-30536ae4d54b2685c26b5787ed0eb549a9075717fe690cce6270873bedf2df00.js?body=1" for ::1 at 2015-09-02 20:03:57 -0700


Started GET "/assets/bootstrap/tab.self-9b77df34cbbb08ec93a806d6cdb741f04e3dbf3389978a0679146f2d2987bc89.js?body=1" for ::1 at 2015-09-02 20:03:57 -0700


Started GET "/assets/bootstrap/transition.self-9616c4e856b57659b67da3c6f2adcd584b5601ef4bebcdadab8ebb387d80bb25.js?body=1" for ::1 at 2015-09-02 20:03:57 -0700


Started GET "/assets/bootstrap/scrollspy.self-c5c6ed008955656d345067e9821d79f1216b8383134d08465d4aa1a33a2b93b4.js?body=1" for ::1 at 2015-09-02 20:03:57 -0700


Started GET "/assets/bootstrap/modal.self-bcfe54f3132bf16a8c5ce4289e47eba488f6522a08f49f378a037061c6c7aa4c.js?body=1" for ::1 at 2015-09-02 20:03:57 -0700


Started GET "/assets/bootstrap/tooltip.self-3aa41fbe871573b34e0ebddf31598cd5a11a9841ca85f90934ea46326e46626d.js?body=1" for ::1 at 2015-09-02 20:03:57 -0700


Started GET "/assets/bootstrap/popover.self-b73e9c9111d01148e24bbc46e096782e024dc5db630e7078cf11ed2587ef8551.js?body=1" for ::1 at 2015-09-02 20:03:57 -0700


Started GET "/assets/bootstrap-sprockets.self-fbfa5ad7d9aa0afe439ec4ff3883acc4cb92b62cb67c40d674320c9aa1d4642d.js?body=1" for ::1 at 2015-09-02 20:03:57 -0700


Started GET "/assets/turbolinks.self-c37727e9bd6b2735da5c311aa83fead54ed0be6cc8bd9a65309e9c5abe2cbfff.js?body=1" for ::1 at 2015-09-02 20:03:57 -0700


Started GET "/assets/static_pages.self-877aef30ae1b040ab8a3aba4e3e309a11d7f2612f44dde450b5c157aa5f95c05.js?body=1" for ::1 at 2015-09-02 20:03:57 -0700


Started GET "/assets/application.self-f8806224e027f3e3f0138ea9ce99319e298dfdb323304d1f1be6eae8e8c74724.js?body=1" for ::1 at 2015-09-02 20:03:57 -0700


Started GET "/" for ::1 at 2015-09-02 20:06:31 -0700
Processing by StaticPagesController#home as HTML
  Rendered static_pages/home.html.erb within layouts/application (1.7ms)
Completed 200 OK in 3593ms (Views: 3585.8ms | ActiveRecord: 0.0ms)


Started GET "/assets/custom.self-7be197580e56d341937d0138278e84ebe1e343d74f905fe56e41b46bceef5683.css?body=1" for ::1 at 2015-09-02 20:06:35 -0700


Started GET "/assets/static_pages.self-e3b0c44298fc1c149afbf4c8996fb92427ae41e4649b934ca495991b7852b855.css?body=1" for ::1 at 2015-09-02 20:06:35 -0700


Started GET "/assets/application.self-e80e8f2318043e8af94dddc2adad5a4f09739a8ebb323b3ab31cd71d45fd9113.css?body=1" for ::1 at 2015-09-02 20:06:35 -0700


Started GET "/assets/bootstrap/affix.self-f7aef9d98ee5ece34a6a92a6a15bba777d93e8d908b75c95a85088277f394200.js?body=1" for ::1 at 2015-09-02 20:06:35 -0700


Started GET "/assets/jquery.self-a714331225dda820228db323939889f149aec0127aeb06255646b616ba1ca419.js?body=1" for ::1 at 2015-09-02 20:06:35 -0700


Started GET "/assets/jquery_ujs.self-d456baa54c1fa6be2ec3711f0a72ddf7a5b2f34a6b4f515f33767d6207b7d4b3.js?body=1" for ::1 at 2015-09-02 20:06:35 -0700


Started GET "/assets/bootstrap/alert.self-896ab026e6823f5cef2441e07dac53d0692a5b772ac58b1ce20aa624c342d3f4.js?body=1" for ::1 at 2015-09-02 20:06:35 -0700


Started GET "/assets/bootstrap/button.self-d19f3e2bcd3a7a4d75c11b9141b3fabd2c11987da1e99c85548ec3ecf8db30c3.js?body=1" for ::1 at 2015-09-02 20:06:35 -0700


Started GET "/assets/bootstrap/collapse.self-93820e9b486e375a7fb4477602def3a6f8381fa6d50938d5378297ffbe4a1248.js?body=1" for ::1 at 2015-09-02 20:06:35 -0700


Started GET "/assets/bootstrap/carousel.self-b2e5e14483e6c31343a83861b7d487620f143d6fc2d07d5ae7544b6b225ba6be.js?body=1" for ::1 at 2015-09-02 20:06:35 -0700


Started GET "/assets/bootstrap/dropdown.self-30536ae4d54b2685c26b5787ed0eb549a9075717fe690cce6270873bedf2df00.js?body=1" for ::1 at 2015-09-02 20:06:35 -0700


Started GET "/assets/bootstrap/tab.self-9b77df34cbbb08ec93a806d6cdb741f04e3dbf3389978a0679146f2d2987bc89.js?body=1" for ::1 at 2015-09-02 20:06:35 -0700


Started GET "/assets/bootstrap/transition.self-9616c4e856b57659b67da3c6f2adcd584b5601ef4bebcdadab8ebb387d80bb25.js?body=1" for ::1 at 2015-09-02 20:06:35 -0700


Started GET "/assets/bootstrap/scrollspy.self-c5c6ed008955656d345067e9821d79f1216b8383134d08465d4aa1a33a2b93b4.js?body=1" for ::1 at 2015-09-02 20:06:35 -0700


Started GET "/assets/bootstrap/modal.self-bcfe54f3132bf16a8c5ce4289e47eba488f6522a08f49f378a037061c6c7aa4c.js?body=1" for ::1 at 2015-09-02 20:06:35 -0700


Started GET "/assets/bootstrap/tooltip.self-3aa41fbe871573b34e0ebddf31598cd5a11a9841ca85f90934ea46326e46626d.js?body=1" for ::1 at 2015-09-02 20:06:35 -0700


Started GET "/assets/bootstrap/popover.self-b73e9c9111d01148e24bbc46e096782e024dc5db630e7078cf11ed2587ef8551.js?body=1" for ::1 at 2015-09-02 20:06:35 -0700


Started GET "/assets/bootstrap-sprockets.self-fbfa5ad7d9aa0afe439ec4ff3883acc4cb92b62cb67c40d674320c9aa1d4642d.js?body=1" for ::1 at 2015-09-02 20:06:35 -0700


Started GET "/assets/turbolinks.self-c37727e9bd6b2735da5c311aa83fead54ed0be6cc8bd9a65309e9c5abe2cbfff.js?body=1" for ::1 at 2015-09-02 20:06:35 -0700


Started GET "/assets/static_pages.self-877aef30ae1b040ab8a3aba4e3e309a11d7f2612f44dde450b5c157aa5f95c05.js?body=1" for ::1 at 2015-09-02 20:06:35 -0700


Started GET "/assets/application.self-f8806224e027f3e3f0138ea9ce99319e298dfdb323304d1f1be6eae8e8c74724.js?body=1" for ::1 at 2015-09-02 20:06:35 -0700


Started GET "/" for ::1 at 2015-09-02 20:39:40 -0700
Processing by StaticPagesController#home as HTML
  Rendered static_pages/home.html.erb within layouts/application (0.2ms)
Completed 200 OK in 412ms (Views: 411.7ms | ActiveRecord: 0.0ms)


Started GET "/" for ::1 at 2015-09-02 20:39:40 -0700
Processing by StaticPagesController#home as HTML
  Rendered static_pages/home.html.erb within layouts/application (0.1ms)
Completed 200 OK in 110ms (Views: 109.6ms | ActiveRecord: 0.0ms)


Started GET "/assets/books.self-e3b0c44298fc1c149afbf4c8996fb92427ae41e4649b934ca495991b7852b855.css?body=1" for ::1 at 2015-09-02 20:39:40 -0700


Started GET "/assets/books.self-877aef30ae1b040ab8a3aba4e3e309a11d7f2612f44dde450b5c157aa5f95c05.js?body=1" for ::1 at 2015-09-02 20:39:40 -0700


Started GET "/books" for ::1 at 2015-09-02 20:39:46 -0700
Processing by BooksController#index as HTML
  Rendered books/index.html.erb within layouts/application (0.4ms)
Completed 200 OK in 112ms (Views: 111.0ms | ActiveRecord: 0.0ms)


Started GET "/books/new" for ::1 at 2015-09-02 20:39:51 -0700
Processing by BooksController#new as HTML
  Rendered books/new.html.erb within layouts/application (0.3ms)
Completed 200 OK in 164ms (Views: 163.5ms | ActiveRecord: 0.0ms)


Started GET "/" for ::1 at 2015-09-02 20:42:08 -0700
Processing by StaticPagesController#home as HTML
  Rendered static_pages/home.html.erb within layouts/application (0.8ms)
Completed 200 OK in 132ms (Views: 131.0ms | ActiveRecord: 0.0ms)


Started GET "/books" for ::1 at 2015-09-02 20:42:09 -0700
Processing by BooksController#index as HTML
  Rendered books/index.html.erb within layouts/application (0.2ms)
Completed 200 OK in 123ms (Views: 122.6ms | ActiveRecord: 0.0ms)
  [1m[36m (3.1ms)[0m  [1mCREATE TABLE "schema_migrations" ("version" varchar NOT NULL) [0m
  [1m[35m (0.1ms)[0m  select sqlite_version(*)
  [1m[36m (3.5ms)[0m  [1mCREATE UNIQUE INDEX "unique_schema_migrations" ON "schema_migrations" ("version")[0m
  [1m[35mActiveRecord::SchemaMigration Load (0.1ms)[0m  SELECT "schema_migrations".* FROM "schema_migrations"
Migrating to CreateBooks (20150903034644)
  [1m[36m (0.1ms)[0m  [1mbegin transaction[0m
  [1m[35m (0.5ms)[0m  CREATE TABLE "books" ("id" INTEGER PRIMARY KEY AUTOINCREMENT NOT NULL, "title" varchar, "year_published" integer, "author" varchar, "available" boolean, "genre" varchar, "image_url" varchar, "created_at" datetime NOT NULL, "updated_at" datetime NOT NULL) 
  [1m[36mSQL (0.2ms)[0m  [1mINSERT INTO "schema_migrations" ("version") VALUES (?)[0m  [["version", "20150903034644"]]
  [1m[35m (4.4ms)[0m  commit transaction
  [1m[36mActiveRecord::SchemaMigration Load (0.1ms)[0m  [1mSELECT "schema_migrations".* FROM "schema_migrations"[0m
  [1m[36mBook Load (1.3ms)[0m  [1mSELECT "books".* FROM "books"[0m
  [1m[35m (0.1ms)[0m  begin transaction
  [1m[36mSQL (0.4ms)[0m  [1mINSERT INTO "books" ("title", "author", "created_at", "updated_at") VALUES (?, ?, ?, ?)[0m  [["title", "Jitterbug Perfume"], ["author", "Tom Robbins"], ["created_at", "2015-09-03 03:52:01.549758"], ["updated_at", "2015-09-03 03:52:01.549758"]]
  [1m[35m (4.7ms)[0m  commit transaction
  [1m[36m (0.1ms)[0m  [1mbegin transaction[0m
  [1m[35mSQL (0.4ms)[0m  INSERT INTO "books" ("title", "author", "created_at", "updated_at") VALUES (?, ?, ?, ?)  [["title", "Jitterbug Perxcvxcfume"], ["author", "Tomzxc Robbins"], ["created_at", "2015-09-03 03:53:40.474187"], ["updated_at", "2015-09-03 03:53:40.474187"]]
  [1m[36m (4.7ms)[0m  [1mcommit transaction[0m


Started GET "/" for ::1 at 2015-09-02 20:59:16 -0700
  [1m[36mActiveRecord::SchemaMigration Load (0.1ms)[0m  [1mSELECT "schema_migrations".* FROM "schema_migrations"[0m
Processing by StaticPagesController#home as HTML
  Rendered static_pages/home.html.erb within layouts/application (0.2ms)
Completed 200 OK in 225ms (Views: 224.4ms | ActiveRecord: 0.0ms)


Started GET "/assets/books.self-e3b0c44298fc1c149afbf4c8996fb92427ae41e4649b934ca495991b7852b855.css?body=1" for ::1 at 2015-09-02 20:59:16 -0700


Started GET "/assets/books.self-877aef30ae1b040ab8a3aba4e3e309a11d7f2612f44dde450b5c157aa5f95c05.js?body=1" for ::1 at 2015-09-02 20:59:16 -0700


Started GET "/books" for ::1 at 2015-09-02 20:59:20 -0700
Processing by BooksController#index as HTML
  [1m[35mBook Load (0.1ms)[0m  SELECT "books".* FROM "books"
  Rendered books/index.html.erb within layouts/application (5.4ms)
Completed 200 OK in 156ms (Views: 154.7ms | ActiveRecord: 0.4ms)


Started GET "/books" for ::1 at 2015-09-02 20:59:33 -0700
Processing by BooksController#index as HTML
  [1m[36mBook Load (0.2ms)[0m  [1mSELECT "books".* FROM "books"[0m
  Rendered books/index.html.erb within layouts/application (5.3ms)
Completed 200 OK in 150ms (Views: 148.0ms | ActiveRecord: 0.5ms)


Started GET "/assets/books.self-e3b0c44298fc1c149afbf4c8996fb92427ae41e4649b934ca495991b7852b855.css?body=1" for ::1 at 2015-09-02 20:59:33 -0700


Started GET "/assets/static_pages.self-e3b0c44298fc1c149afbf4c8996fb92427ae41e4649b934ca495991b7852b855.css?body=1" for ::1 at 2015-09-02 20:59:33 -0700


Started GET "/assets/jquery.self-a714331225dda820228db323939889f149aec0127aeb06255646b616ba1ca419.js?body=1" for ::1 at 2015-09-02 20:59:33 -0700


Started GET "/assets/jquery_ujs.self-d456baa54c1fa6be2ec3711f0a72ddf7a5b2f34a6b4f515f33767d6207b7d4b3.js?body=1" for ::1 at 2015-09-02 20:59:33 -0700


Started GET "/assets/custom.self-7be197580e56d341937d0138278e84ebe1e343d74f905fe56e41b46bceef5683.css?body=1" for ::1 at 2015-09-02 20:59:33 -0700


Started GET "/assets/application.self-e80e8f2318043e8af94dddc2adad5a4f09739a8ebb323b3ab31cd71d45fd9113.css?body=1" for ::1 at 2015-09-02 20:59:33 -0700


Started GET "/assets/bootstrap/alert.self-896ab026e6823f5cef2441e07dac53d0692a5b772ac58b1ce20aa624c342d3f4.js?body=1" for ::1 at 2015-09-02 20:59:33 -0700


Started GET "/assets/bootstrap/affix.self-f7aef9d98ee5ece34a6a92a6a15bba777d93e8d908b75c95a85088277f394200.js?body=1" for ::1 at 2015-09-02 20:59:33 -0700


Started GET "/assets/bootstrap/button.self-d19f3e2bcd3a7a4d75c11b9141b3fabd2c11987da1e99c85548ec3ecf8db30c3.js?body=1" for ::1 at 2015-09-02 20:59:33 -0700


Started GET "/assets/bootstrap/carousel.self-b2e5e14483e6c31343a83861b7d487620f143d6fc2d07d5ae7544b6b225ba6be.js?body=1" for ::1 at 2015-09-02 20:59:33 -0700


Started GET "/assets/bootstrap/collapse.self-93820e9b486e375a7fb4477602def3a6f8381fa6d50938d5378297ffbe4a1248.js?body=1" for ::1 at 2015-09-02 20:59:33 -0700


Started GET "/assets/bootstrap/dropdown.self-30536ae4d54b2685c26b5787ed0eb549a9075717fe690cce6270873bedf2df00.js?body=1" for ::1 at 2015-09-02 20:59:33 -0700


Started GET "/assets/bootstrap/tab.self-9b77df34cbbb08ec93a806d6cdb741f04e3dbf3389978a0679146f2d2987bc89.js?body=1" for ::1 at 2015-09-02 20:59:33 -0700


Started GET "/assets/bootstrap/transition.self-9616c4e856b57659b67da3c6f2adcd584b5601ef4bebcdadab8ebb387d80bb25.js?body=1" for ::1 at 2015-09-02 20:59:33 -0700


Started GET "/assets/bootstrap/scrollspy.self-c5c6ed008955656d345067e9821d79f1216b8383134d08465d4aa1a33a2b93b4.js?body=1" for ::1 at 2015-09-02 20:59:33 -0700


Started GET "/assets/bootstrap/modal.self-bcfe54f3132bf16a8c5ce4289e47eba488f6522a08f49f378a037061c6c7aa4c.js?body=1" for ::1 at 2015-09-02 20:59:33 -0700


Started GET "/assets/bootstrap/tooltip.self-3aa41fbe871573b34e0ebddf31598cd5a11a9841ca85f90934ea46326e46626d.js?body=1" for ::1 at 2015-09-02 20:59:33 -0700


Started GET "/assets/bootstrap/popover.self-b73e9c9111d01148e24bbc46e096782e024dc5db630e7078cf11ed2587ef8551.js?body=1" for ::1 at 2015-09-02 20:59:33 -0700


Started GET "/assets/bootstrap-sprockets.self-fbfa5ad7d9aa0afe439ec4ff3883acc4cb92b62cb67c40d674320c9aa1d4642d.js?body=1" for ::1 at 2015-09-02 20:59:33 -0700


Started GET "/assets/turbolinks.self-c37727e9bd6b2735da5c311aa83fead54ed0be6cc8bd9a65309e9c5abe2cbfff.js?body=1" for ::1 at 2015-09-02 20:59:33 -0700


Started GET "/assets/books.self-877aef30ae1b040ab8a3aba4e3e309a11d7f2612f44dde450b5c157aa5f95c05.js?body=1" for ::1 at 2015-09-02 20:59:33 -0700


Started GET "/assets/static_pages.self-877aef30ae1b040ab8a3aba4e3e309a11d7f2612f44dde450b5c157aa5f95c05.js?body=1" for ::1 at 2015-09-02 20:59:33 -0700


Started GET "/assets/application.self-f8806224e027f3e3f0138ea9ce99319e298dfdb323304d1f1be6eae8e8c74724.js?body=1" for ::1 at 2015-09-02 20:59:33 -0700


Started GET "/" for ::1 at 2015-09-02 20:59:35 -0700
Processing by StaticPagesController#home as HTML
  Rendered static_pages/home.html.erb within layouts/application (0.6ms)
Completed 200 OK in 83ms (Views: 82.2ms | ActiveRecord: 0.0ms)


Started GET "/books" for ::1 at 2015-09-02 20:59:35 -0700
Processing by BooksController#index as HTML
  [1m[35mBook Load (0.1ms)[0m  SELECT "books".* FROM "books"
  Rendered books/index.html.erb within layouts/application (0.8ms)
Completed 200 OK in 129ms (Views: 128.4ms | ActiveRecord: 0.1ms)


Started GET "/" for ::1 at 2015-09-02 20:59:47 -0700
  [1m[36mActiveRecord::SchemaMigration Load (0.1ms)[0m  [1mSELECT "schema_migrations".* FROM "schema_migrations"[0m
Processing by StaticPagesController#home as HTML
  Rendered static_pages/home.html.erb within layouts/application (2.1ms)
Completed 200 OK in 701ms (Views: 691.1ms | ActiveRecord: 0.0ms)


Started GET "/books" for ::1 at 2015-09-02 20:59:49 -0700
Processing by BooksController#index as HTML
  [1m[35mBook Load (0.2ms)[0m  SELECT "books".* FROM "books"
  Rendered books/index.html.erb within layouts/application (11.5ms)
Completed 200 OK in 149ms (Views: 146.8ms | ActiveRecord: 0.6ms)


Started GET "/books" for ::1 at 2015-09-02 21:00:02 -0700
Processing by BooksController#index as HTML
  [1m[36mBook Load (0.2ms)[0m  [1mSELECT "books".* FROM "books"[0m
  Rendered books/index.html.erb within layouts/application (1.1ms)
Completed 200 OK in 144ms (Views: 143.7ms | ActiveRecord: 0.2ms)


Started GET "/assets/books.self-e3b0c44298fc1c149afbf4c8996fb92427ae41e4649b934ca495991b7852b855.css?body=1" for ::1 at 2015-09-02 21:00:02 -0700


Started GET "/assets/custom.self-7be197580e56d341937d0138278e84ebe1e343d74f905fe56e41b46bceef5683.css?body=1" for ::1 at 2015-09-02 21:00:02 -0700


Started GET "/assets/static_pages.self-e3b0c44298fc1c149afbf4c8996fb92427ae41e4649b934ca495991b7852b855.css?body=1" for ::1 at 2015-09-02 21:00:02 -0700


Started GET "/assets/jquery_ujs.self-d456baa54c1fa6be2ec3711f0a72ddf7a5b2f34a6b4f515f33767d6207b7d4b3.js?body=1" for ::1 at 2015-09-02 21:00:02 -0700


Started GET "/assets/application.self-e80e8f2318043e8af94dddc2adad5a4f09739a8ebb323b3ab31cd71d45fd9113.css?body=1" for ::1 at 2015-09-02 21:00:02 -0700


Started GET "/assets/jquery.self-a714331225dda820228db323939889f149aec0127aeb06255646b616ba1ca419.js?body=1" for ::1 at 2015-09-02 21:00:02 -0700


Started GET "/assets/bootstrap/affix.self-f7aef9d98ee5ece34a6a92a6a15bba777d93e8d908b75c95a85088277f394200.js?body=1" for ::1 at 2015-09-02 21:00:02 -0700


Started GET "/assets/bootstrap/alert.self-896ab026e6823f5cef2441e07dac53d0692a5b772ac58b1ce20aa624c342d3f4.js?body=1" for ::1 at 2015-09-02 21:00:02 -0700


Started GET "/assets/bootstrap/button.self-d19f3e2bcd3a7a4d75c11b9141b3fabd2c11987da1e99c85548ec3ecf8db30c3.js?body=1" for ::1 at 2015-09-02 21:00:02 -0700


Started GET "/assets/bootstrap/carousel.self-b2e5e14483e6c31343a83861b7d487620f143d6fc2d07d5ae7544b6b225ba6be.js?body=1" for ::1 at 2015-09-02 21:00:02 -0700


Started GET "/assets/bootstrap/collapse.self-93820e9b486e375a7fb4477602def3a6f8381fa6d50938d5378297ffbe4a1248.js?body=1" for ::1 at 2015-09-02 21:00:02 -0700


Started GET "/assets/bootstrap/dropdown.self-30536ae4d54b2685c26b5787ed0eb549a9075717fe690cce6270873bedf2df00.js?body=1" for ::1 at 2015-09-02 21:00:02 -0700


Started GET "/assets/bootstrap/tab.self-9b77df34cbbb08ec93a806d6cdb741f04e3dbf3389978a0679146f2d2987bc89.js?body=1" for ::1 at 2015-09-02 21:00:02 -0700


Started GET "/assets/bootstrap/transition.self-9616c4e856b57659b67da3c6f2adcd584b5601ef4bebcdadab8ebb387d80bb25.js?body=1" for ::1 at 2015-09-02 21:00:02 -0700


Started GET "/assets/bootstrap/scrollspy.self-c5c6ed008955656d345067e9821d79f1216b8383134d08465d4aa1a33a2b93b4.js?body=1" for ::1 at 2015-09-02 21:00:02 -0700


Started GET "/assets/bootstrap/modal.self-bcfe54f3132bf16a8c5ce4289e47eba488f6522a08f49f378a037061c6c7aa4c.js?body=1" for ::1 at 2015-09-02 21:00:02 -0700


Started GET "/assets/bootstrap/tooltip.self-3aa41fbe871573b34e0ebddf31598cd5a11a9841ca85f90934ea46326e46626d.js?body=1" for ::1 at 2015-09-02 21:00:02 -0700


Started GET "/assets/bootstrap/popover.self-b73e9c9111d01148e24bbc46e096782e024dc5db630e7078cf11ed2587ef8551.js?body=1" for ::1 at 2015-09-02 21:00:02 -0700


Started GET "/assets/bootstrap-sprockets.self-fbfa5ad7d9aa0afe439ec4ff3883acc4cb92b62cb67c40d674320c9aa1d4642d.js?body=1" for ::1 at 2015-09-02 21:00:02 -0700


Started GET "/assets/turbolinks.self-c37727e9bd6b2735da5c311aa83fead54ed0be6cc8bd9a65309e9c5abe2cbfff.js?body=1" for ::1 at 2015-09-02 21:00:02 -0700


Started GET "/assets/books.self-877aef30ae1b040ab8a3aba4e3e309a11d7f2612f44dde450b5c157aa5f95c05.js?body=1" for ::1 at 2015-09-02 21:00:02 -0700


Started GET "/assets/static_pages.self-877aef30ae1b040ab8a3aba4e3e309a11d7f2612f44dde450b5c157aa5f95c05.js?body=1" for ::1 at 2015-09-02 21:00:02 -0700


Started GET "/assets/application.self-f8806224e027f3e3f0138ea9ce99319e298dfdb323304d1f1be6eae8e8c74724.js?body=1" for ::1 at 2015-09-02 21:00:02 -0700


Started GET "/" for ::1 at 2015-09-02 21:03:05 -0700
Processing by StaticPagesController#home as HTML
  Rendered static_pages/home.html.erb within layouts/application (0.2ms)
Completed 200 OK in 94ms (Views: 94.0ms | ActiveRecord: 0.0ms)


Started GET "/books" for ::1 at 2015-09-02 21:03:06 -0700
Processing by BooksController#index as HTML
  [1m[35mBook Load (0.1ms)[0m  SELECT "books".* FROM "books"
  Rendered books/index.html.erb within layouts/application (1.1ms)
Completed 200 OK in 147ms (Views: 146.6ms | ActiveRecord: 0.1ms)


Started GET "/" for ::1 at 2015-09-02 21:13:22 -0700
Processing by StaticPagesController#home as HTML
  Rendered static_pages/home.html.erb within layouts/application (0.2ms)
Completed 200 OK in 176ms (Views: 175.2ms | ActiveRecord: 0.0ms)


Started GET "/" for ::1 at 2015-09-02 21:13:23 -0700
Processing by StaticPagesController#home as HTML
  Rendered static_pages/home.html.erb within layouts/application (0.2ms)
Completed 200 OK in 136ms (Views: 135.2ms | ActiveRecord: 0.0ms)


Started GET "/routes" for ::1 at 2015-09-02 21:13:30 -0700

ActionController::RoutingError (No route matches [GET] "/routes"):
  actionpack (4.2.4) lib/action_dispatch/middleware/debug_exceptions.rb:21:in `call'
  actionpack (4.2.4) lib/action_dispatch/middleware/show_exceptions.rb:30:in `call'
  railties (4.2.4) lib/rails/rack/logger.rb:38:in `call_app'
  railties (4.2.4) lib/rails/rack/logger.rb:20:in `block in call'
  activesupport (4.2.4) lib/active_support/tagged_logging.rb:68:in `block in tagged'
  activesupport (4.2.4) lib/active_support/tagged_logging.rb:26:in `tagged'
  activesupport (4.2.4) lib/active_support/tagged_logging.rb:68:in `tagged'
  railties (4.2.4) lib/rails/rack/logger.rb:20:in `call'
  actionpack (4.2.4) lib/action_dispatch/middleware/request_id.rb:21:in `call'
  rack (1.6.4) lib/rack/methodoverride.rb:22:in `call'
  rack (1.6.4) lib/rack/runtime.rb:18:in `call'
  activesupport (4.2.4) lib/active_support/cache/strategy/local_cache_middleware.rb:28:in `call'
  rack (1.6.4) lib/rack/lock.rb:17:in `call'
  actionpack (4.2.4) lib/action_dispatch/middleware/static.rb:116:in `call'
  rack (1.6.4) lib/rack/sendfile.rb:113:in `call'
  railties (4.2.4) lib/rails/engine.rb:518:in `call'
  railties (4.2.4) lib/rails/application.rb:165:in `call'
  rack (1.6.4) lib/rack/lock.rb:17:in `call'
  rack (1.6.4) lib/rack/content_length.rb:15:in `call'
  rack (1.6.4) lib/rack/handler/webrick.rb:88:in `service'
  /Users/mikey/.rvm/rubies/ruby-2.2.2/lib/ruby/2.2.0/webrick/httpserver.rb:138:in `service'
  /Users/mikey/.rvm/rubies/ruby-2.2.2/lib/ruby/2.2.0/webrick/httpserver.rb:94:in `run'
  /Users/mikey/.rvm/rubies/ruby-2.2.2/lib/ruby/2.2.0/webrick/server.rb:294:in `block in start_thread'


  Rendered /Users/mikey/.rvm/gems/ruby-2.2.2@global/gems/actionpack-4.2.4/lib/action_dispatch/middleware/templates/rescues/_trace.html.erb (1.7ms)
  Rendered /Users/mikey/.rvm/gems/ruby-2.2.2@global/gems/actionpack-4.2.4/lib/action_dispatch/middleware/templates/routes/_route.html.erb (0.9ms)
  Rendered /Users/mikey/.rvm/gems/ruby-2.2.2@global/gems/actionpack-4.2.4/lib/action_dispatch/middleware/templates/routes/_table.html.erb (9.2ms)
  Rendered /Users/mikey/.rvm/gems/ruby-2.2.2@global/gems/actionpack-4.2.4/lib/action_dispatch/middleware/templates/rescues/_request_and_response.html.erb (1.1ms)
  Rendered /Users/mikey/.rvm/gems/ruby-2.2.2@global/gems/actionpack-4.2.4/lib/action_dispatch/middleware/templates/rescues/routing_error.html.erb within rescues/layout (88.4ms)


Started GET "/" for ::1 at 2015-09-03 16:17:03 -0700
Processing by StaticPagesController#home as HTML
  Rendered static_pages/home.html.erb within layouts/application (1.9ms)
Completed 200 OK in 224ms (Views: 220.9ms | ActiveRecord: 0.0ms)
